e:\micromouse_online\final\micromou.126c941c\debug\vc143.pdb
e:\micromouse_online\final\micromou.126c941c\debug\vc143.idb
e:\micromouse_online\final\micromou.126c941c\debug\main.obj
e:\micromouse_online\final\micromou.126c941c\debug\user.obj
e:\micromouse_online\final\micromou.126c941c\debug\flood.obj
e:\micromouse_online\final\micromou.126c941c\debug\astar.obj
e:\micromouse_online\final\micromou.126c941c\debug\spurt.obj
e:\micromouse_online\micromouse11_routeplan\micromouse11_routeplan\debug\micromouse11_routeplan.exe
e:\micromouse_online\micromouse11_routeplan\micromouse11_routeplan\debug\micromouse11_routeplan.pdb
e:\micromouse_online\final\debug\micromouse11_routeplan.exe
e:\micromouse_online\final\debug\micromouse11_routeplan.pdb
e:\micromouse_online\final\micromou.126c941c\debug\micromouse11_routeplan.ilk
e:\micromouse_online\final\micromou.126c941c\debug\realtime_search.obj
e:\micromouse_online\final\micromou.126c941c\debug\micromou.126c941c.tlog\cl.command.1.tlog
e:\micromouse_online\final\micromou.126c941c\debug\micromou.126c941c.tlog\cl.items.tlog
e:\micromouse_online\final\micromou.126c941c\debug\micromou.126c941c.tlog\cl.read.1.tlog
e:\micromouse_online\final\micromou.126c941c\debug\micromou.126c941c.tlog\cl.write.1.tlog
e:\micromouse_online\final\micromou.126c941c\debug\micromou.126c941c.tlog\link.command.1.tlog
e:\micromouse_online\final\micromou.126c941c\debug\micromou.126c941c.tlog\link.read.1.tlog
e:\micromouse_online\final\micromou.126c941c\debug\micromou.126c941c.tlog\link.secondary.1.tlog
e:\micromouse_online\final\micromou.126c941c\debug\micromou.126c941c.tlog\link.write.1.tlog
